0 info it worked if it ends with ok
1 verbose cli [ 'D:\\program\\nodejs\\node.exe',
1 verbose cli   'D:\\program\\nodejs\\node_modules\\npm\\bin\\npm-cli.js',
1 verbose cli   'start' ]
2 info using npm@3.10.8
3 info using node@v6.9.1
4 verbose run-script [ 'prestart', 'start', 'poststart' ]
5 info lifecycle @~prestart: @
6 silly lifecycle @~prestart: no script for prestart, continuing
7 info lifecycle @~start: @
8 verbose lifecycle @~start: unsafe-perm in lifecycle true
9 verbose lifecycle @~start: PATH: D:\program\nodejs\node_modules\npm\bin\node-gyp-bin;F:\reactproject\nav\node_modules\.bin;C:\PROGRAMDATA\ORACLE\JAVA\JAVAPATH;C:\PROGRAM FILES (X86)\AMD APP\BIN\X86_64;C:\PROGRAM FILES (X86)\AMD APP\BIN\X86;C:\Windows\SYSTEM32;C:\Windows;C:\Windows\SYSTEM32\WBEM;C:\Windows\SYSTEM32\WINDOWSPOWERSHELL\V1.0\;C:\PROGRAM FILES (X86)\ATI TECHNOLOGIES\ATI.ACE\CORE-STATIC;C:\PROGRAM FILES\INTEL\WIFI\BIN\;C:\PROGRAM FILES\COMMON FILES\INTEL\WIRELESSCOMMON\;;D:\PROGRAM\MYSQL-5.6.11-WINX64\MYSQL-5.6.11-WINX64\BIN;D:\opensource\APACHE-MAVEN-3.3.1-BIN\APACHE-MAVEN-3.3.1\BIN;C:\PROGRAM FILES\JAVA\JDK1.8.0_45\BIN;C:\Program Files\Lenovo\Bluetooth Software\;C:\Program Files\Lenovo\Bluetooth Software\syswow64;D:\program\cygwin\bin;D:\program\python;D:\opensource\apache-ant-1.9.7-bin\apache-ant-1.9.7\bin;D:\program\rabbitma\rabbitmq_server-3.6.5\sbin;D:\program\Vim\vim80\vim.exe;D:\program\python\Scripts;D:\program\nodejs\;C:\Users\sunqi\AppData\Local\atom\bin;D:\go\bin;D:\opensource\cocos2d-x-3.10\tools\cocos2d-console\bin;D:\program\python;D:\program\python\Scripts;D:\program\Vim\vim80;C:\Users\sunqi\AppData\Roaming\npm
10 verbose lifecycle @~start: CWD: F:\reactproject\nav
11 silly lifecycle @~start: Args: [ '/d /s /c', 'dora --plugins "proxy,webpack,webpack-hmr"' ]
12 verbose stack Error: kill ENOSYS
12 verbose stack     at exports._errnoException (util.js:1026:11)
12 verbose stack     at process.kill (internal/process.js:172:13)
12 verbose stack     at process.listener (D:\program\nodejs\node_modules\npm\node_modules\npmlog\node_modules\gauge\node_modules\signal-exit\index.js:86:15)
12 verbose stack     at emitNone (events.js:91:20)
12 verbose stack     at process.emit (events.js:185:7)
12 verbose stack     at processEmit (D:\program\nodejs\node_modules\npm\node_modules\npmlog\node_modules\gauge\node_modules\signal-exit\index.js:146:32)
12 verbose stack     at processEmit (D:\program\nodejs\node_modules\npm\node_modules\npm-registry-client\node_modules\npmlog\node_modules\gauge\node_modules\signal-exit\index.js:146:32)
12 verbose stack     at Signal.wrap.onsignal (internal/process.js:199:44)
13 verbose cwd F:\reactproject\nav
14 error Windows_NT 6.1.7601
15 error argv "D:\\program\\nodejs\\node.exe" "D:\\program\\nodejs\\node_modules\\npm\\bin\\npm-cli.js" "start"
16 error node v6.9.1
17 error npm  v3.10.8
18 error code ENOSYS
19 error errno ENOSYS
20 error syscall kill
21 error kill ENOSYS
22 error If you need help, you may report this error at:
22 error     <https://github.com/npm/npm/issues>
23 verbose exit [ 1, true ]
